# JRE version: OpenJDK Runtime Environment (11.0+28) (build 11+28)
# Java VM: OpenJDK 64-Bit Server VM (11+28, mixed mode, tiered, compressed oops, g1 gc, windows-amd64)
Heap:
 garbage-first heap   total 208896K, used 138420K [0x00000000c0000000, 0x0000000100000000)
  region size 1024K, 59 young (60416K), 0 survivors (0K)
 Metaspace       used 16862K, capacity 17311K, committed 17536K, reserved 1064960K
  class space    used 2184K, capacity 2377K, committed 2432K, reserved 1048576K
GC Heap History (10 events):
Event: 7.145 GC heap before
{Heap before GC invocations=43 (full 11):
 garbage-first heap   total 208896K, used 147667K [0x00000000c0000000, 0x0000000100000000)
  region size 1024K, 85 young (87040K), 0 survivors (0K)
 Metaspace       used 16553K, capacity 17054K, committed 17280K, reserved 1064960K
  class space    used 2148K, capacity 2334K, committed 2432K, reserved 1048576K
}
Event: 7.157 GC heap after
{Heap after GC invocations=44 (full 11):
 garbage-first heap   total 208896K, used 70803K [0x00000000c0000000, 0x0000000100000000)
  region size 1024K, 10 young (10240K), 10 survivors (10240K)
 Metaspace       used 16553K, capacity 17054K, committed 17280K, reserved 1064960K
  class space    used 2148K, capacity 2334K, committed 2432K, reserved 1048576K
}
Event: 7.204 GC heap before
{Heap before GC invocations=44 (full 11):
 garbage-first heap   total 208896K, used 84115K [0x00000000c0000000, 0x0000000100000000)
  region size 1024K, 24 young (24576K), 10 survivors (10240K)
 Metaspace       used 16553K, capacity 17054K, committed 17280K, reserved 1064960K
  class space    used 2148K, capacity 2334K, committed 2432K, reserved 1048576K
}
Event: 7.274 GC heap after
{Heap after GC invocations=45 (full 12):
 garbage-first heap   total 208896K, used 71124K [0x00000000c0000000, 0x0000000100000000)
  region size 1024K, 0 young (0K), 0 survivors (0K)
 Metaspace       used 16553K, capacity 17054K, committed 17280K, reserved 1064960K
  class space    used 2148K, capacity 2334K, committed 2432K, reserved 1048576K
}
Event: 7.416 GC heap before
{Heap before GC invocations=45 (full 12):
 garbage-first heap   total 208896K, used 150996K [0x00000000c0000000, 0x0000000100000000)
  region size 1024K, 78 young (79872K), 0 survivors (0K)
 Metaspace       used 16553K, capacity 17054K, committed 17280K, reserved 1064960K
  class space    used 2148K, capacity 2334K, committed 2432K, reserved 1048576K
}
Event: 7.428 GC heap after
{Heap after GC invocations=46 (full 12):
 garbage-first heap   total 208896K, used 80806K [0x00000000c0000000, 0x0000000100000000)
  region size 1024K, 10 young (10240K), 10 survivors (10240K)
 Metaspace       used 16553K, capacity 17054K, committed 17280K, reserved 1064960K
  class space    used 2148K, capacity 2334K, committed 2432K, reserved 1048576K
}
Event: 8.625 GC heap before
{Heap before GC invocations=46 (full 12):
 garbage-first heap   total 208896K, used 134054K [0x00000000c0000000, 0x0000000100000000)
  region size 1024K, 63 young (64512K), 10 survivors (10240K)
 Metaspace       used 16849K, capacity 17309K, committed 17536K, reserved 1064960K
  class space    used 2184K, capacity 2377K, committed 2432K, reserved 1048576K
}
Event: 8.719 GC heap after
{Heap after GC invocations=47 (full 13):
 garbage-first heap   total 208896K, used 78817K [0x00000000c0000000, 0x0000000100000000)
  region size 1024K, 0 young (0K), 0 survivors (0K)
 Metaspace       used 16849K, capacity 17309K, committed 17536K, reserved 1064960K
  class space    used 2184K, capacity 2377K, committed 2432K, reserved 1048576K
}
Event: 12.940 GC heap before
{Heap before GC invocations=47 (full 13):
 garbage-first heap   total 208896K, used 110561K [0x00000000c0000000, 0x0000000100000000)
  region size 1024K, 32 young (32768K), 0 survivors (0K)
 Metaspace       used 16860K, capacity 17311K, committed 17536K, reserved 1064960K
  class space    used 2184K, capacity 2377K, committed 2432K, reserved 1048576K
}
Event: 13.024 GC heap after
{Heap after GC invocations=48 (full 14):
 garbage-first heap   total 208896K, used 79028K [0x00000000c0000000, 0x0000000100000000)
  region size 1024K, 0 young (0K), 0 survivors (0K)
 Metaspace       used 16860K, capacity 17311K, committed 17536K, reserved 1064960K
  class space    used 2184K, capacity 2377K, committed 2432K, reserved 1048576K
}

